<?xml version="1.0" encoding="UTF-8"?>
<testng-results skipped="0" failed="0" total="1" passed="1">
  <reporter-output>
  </reporter-output>
  <suite name="Command line suite" duration-ms="28" started-at="2017-07-25T02:07:19Z" finished-at="2017-07-25T02:07:19Z">
    <groups>
    </groups>
    <test name="Command line test" duration-ms="28" started-at="2017-07-25T02:07:19Z" finished-at="2017-07-25T02:07:19Z">
      <class name="com.ztesoft.backupOracle.AppTest">
        <test-method status="PASS" signature="testApp()[pri:0, instance:testApp(com.ztesoft.backupOracle.AppTest)]" name="testApp" duration-ms="2" started-at="2017-07-24T22:07:19Z" finished-at="2017-07-24T22:07:19Z">
          <reporter-output>
          </reporter-output>
        </test-method> <!-- testApp -->
      </class> <!-- com.ztesoft.backupOracle.AppTest -->
    </test> <!-- Command line test -->
  </suite> <!-- Command line suite -->
</testng-results>
