<?xml version="1.0" encoding="UTF-8" ?>
<testsuite failures="1" time="4.399" errors="0" skipped="3" tests="5" name="TestSuite">
  <properties>
[...]
</properties>
  <testcase time="2.191" classname="com.ztesoft.backupOracle.DynamicDBSourceTest" name="springTestContextPrepareTestInstance">
    <failure message="Error creating bean with name &apos;com.ztesoft.backupOracle.DynamicDBSourceTest&apos;: Unsatisfied dependency expressed through method &apos;setDataSource&apos; parameter 0; nested exception is org.springframework.beans.factory.NoUniqueBeanDefinitionException: No qualifying bean of type &apos;javax.sql.DataSource&apos; available: expected single matching bean but found 3: dataSourcePR,dataSourceDR,dynamicDataSource" type="org.springframework.beans.factory.UnsatisfiedDependencyException">org.springframework.beans.factory.UnsatisfiedDependencyException: Error creating bean with name &apos;com.ztesoft.backupOracle.DynamicDBSourceTest&apos;: Unsatisfied dependency expressed through method &apos;setDataSource&apos; parameter 0; nested exception is org.springframework.beans.factory.NoUniqueBeanDefinitionException: No qualifying bean of type &apos;javax.sql.DataSource&apos; available: expected single matching bean but found 3: dataSourcePR,dataSourceDR,dynamicDataSource
	at org.springframework.beans.factory.annotation.AutowiredAnnotationBeanPostProcessor$AutowiredMethodElement.inject(AutowiredAnnotationBeanPostProcessor.java:667)
	at org.springframework.beans.factory.annotation.InjectionMetadata.inject(InjectionMetadata.java:88)
	at org.springframework.beans.factory.annotation.AutowiredAnnotationBeanPostProcessor.postProcessPropertyValues(AutowiredAnnotationBeanPostProcessor.java:366)
	at org.springframework.beans.factory.support.AbstractAutowireCapableBeanFactory.populateBean(AbstractAutowireCapableBeanFactory.java:1264)
	at org.springframework.beans.factory.support.AbstractAutowireCapableBeanFactory.autowireBeanProperties(AbstractAutowireCapableBeanFactory.java:386)
	at org.springframework.test.context.support.DependencyInjectionTestExecutionListener.injectDependencies(DependencyInjectionTestExecutionListener.java:118)
	at org.springframework.test.context.support.DependencyInjectionTestExecutionListener.prepareTestInstance(DependencyInjectionTestExecutionListener.java:83)
	at org.springframework.test.context.TestContextManager.prepareTestInstance(TestContextManager.java:230)
	at org.springframework.test.context.testng.AbstractTestNGSpringContextTests.springTestContextPrepareTestInstance(AbstractTestNGSpringContextTests.java:149)
	at sun.reflect.NativeMethodAccessorImpl.invoke0(Native Method)
	at sun.reflect.NativeMethodAccessorImpl.invoke(NativeMethodAccessorImpl.java:57)
	at sun.reflect.DelegatingMethodAccessorImpl.invoke(DelegatingMethodAccessorImpl.java:43)
	at java.lang.reflect.Method.invoke(Method.java:606)
	at org.testng.internal.MethodInvocationHelper.invokeMethod(MethodInvocationHelper.java:84)
	at org.testng.internal.Invoker.invokeConfigurationMethod(Invoker.java:564)
	at org.testng.internal.Invoker.invokeConfigurations(Invoker.java:213)
	at org.testng.internal.Invoker.invokeConfigurations(Invoker.java:138)
	at org.testng.internal.TestMethodWorker.invokeBeforeClassMethods(TestMethodWorker.java:175)
	at org.testng.internal.TestMethodWorker.run(TestMethodWorker.java:107)
	at org.testng.TestRunner.privateRun(TestRunner.java:767)
	at org.testng.TestRunner.run(TestRunner.java:617)
	at org.testng.SuiteRunner.runTest(SuiteRunner.java:334)
	at org.testng.SuiteRunner.runSequentially(SuiteRunner.java:329)
	at org.testng.SuiteRunner.privateRun(SuiteRunner.java:291)
	at org.testng.SuiteRunner.run(SuiteRunner.java:240)
	at org.testng.SuiteRunnerWorker.runSuite(SuiteRunnerWorker.java:52)
	at org.testng.SuiteRunnerWorker.run(SuiteRunnerWorker.java:86)
	at org.testng.TestNG.runSuitesSequentially(TestNG.java:1224)
	at org.testng.TestNG.runSuitesLocally(TestNG.java:1149)
	at org.testng.TestNG.run(TestNG.java:1057)
	at org.apache.maven.surefire.testng.TestNGExecutor.run(TestNGExecutor.java:77)
	at org.apache.maven.surefire.testng.TestNGDirectoryTestSuite.executeMulti(TestNGDirectoryTestSuite.java:159)
	at org.apache.maven.surefire.testng.TestNGDirectoryTestSuite.execute(TestNGDirectoryTestSuite.java:99)
	at org.apache.maven.surefire.testng.TestNGProvider.invoke(TestNGProvider.java:106)
	at sun.reflect.NativeMethodAccessorImpl.invoke0(Native Method)
	at sun.reflect.NativeMethodAccessorImpl.invoke(NativeMethodAccessorImpl.java:57)
	at sun.reflect.DelegatingMethodAccessorImpl.invoke(DelegatingMethodAccessorImpl.java:43)
	at java.lang.reflect.Method.invoke(Method.java:606)
	at org.apache.maven.surefire.util.ReflectionUtils.invokeMethodWithArray(ReflectionUtils.java:189)
	at org.apache.maven.surefire.booter.ProviderFactory$ProviderProxy.invoke(ProviderFactory.java:165)
	at org.apache.maven.surefire.booter.ProviderFactory.invokeProvider(ProviderFactory.java:85)
	at org.apache.maven.surefire.booter.ForkedBooter.runSuitesInProcess(ForkedBooter.java:115)
	at org.apache.maven.surefire.booter.ForkedBooter.main(ForkedBooter.java:75)
Caused by: org.springframework.beans.factory.NoUniqueBeanDefinitionException: No qualifying bean of type &apos;javax.sql.DataSource&apos; available: expected single matching bean but found 3: dataSourcePR,dataSourceDR,dynamicDataSource
	at org.springframework.beans.factory.config.DependencyDescriptor.resolveNotUnique(DependencyDescriptor.java:173)
	at org.springframework.beans.factory.support.DefaultListableBeanFactory.doResolveDependency(DefaultListableBeanFactory.java:1116)
	at org.springframework.beans.factory.support.DefaultListableBeanFactory.resolveDependency(DefaultListableBeanFactory.java:1066)
	at org.springframework.beans.factory.annotation.AutowiredAnnotationBeanPostProcessor$AutowiredMethodElement.inject(AutowiredAnnotationBeanPostProcessor.java:659)
	... 42 more
Caused by: org.springframework.beans.factory.NoUniqueBeanDefinitionException: No qualifying bean of type &apos;javax.sql.DataSource&apos; available: expected single matching bean but found 3: dataSourcePR,dataSourceDR,dynamicDataSource
	at org.springframework.beans.factory.config.DependencyDescriptor.resolveNotUnique(DependencyDescriptor.java:173)
	at org.springframework.beans.factory.support.DefaultListableBeanFactory.doResolveDependency(DefaultListableBeanFactory.java:1116)
	at org.springframework.beans.factory.support.DefaultListableBeanFactory.resolveDependency(DefaultListableBeanFactory.java:1066)
	at org.springframework.beans.factory.annotation.AutowiredAnnotationBeanPostProcessor$AutowiredMethodElement.inject(AutowiredAnnotationBeanPostProcessor.java:659)
	... 42 more
</failure>
    <system-out>Configuring TestNG with: org.apache.maven.surefire.testng.conf.TestNG652Configurator@b2e0415
2017-07-24 22:07:17,456 DEBUG [main] (BootstrapUtils.java:95) - Instantiating CacheAwareContextLoaderDelegate from class [org.springframework.test.context.cache.DefaultCacheAwareContextLoaderDelegate]
2017-07-24 22:07:17,482 DEBUG [main] (BootstrapUtils.java:78) - Instantiating BootstrapContext using constructor [public org.springframework.test.context.support.DefaultBootstrapContext(java.lang.Class,org.springframework.test.context.CacheAwareContextLoaderDelegate)]
2017-07-24 22:07:17,492 DEBUG [main] (BootstrapUtils.java:131) - Instantiating TestContextBootstrapper for test class [com.ztesoft.backupOracle.DynamicDBSourceTest] from class [org.springframework.test.context.support.DefaultTestContextBootstrapper]
2017-07-24 22:07:17,527 DEBUG [main] (AbstractDelegatingSmartContextLoader.java:96) - Delegating to GenericXmlContextLoader to process context configuration [ContextConfigurationAttributes@5679bca4 declaringClass = &apos;com.ztesoft.backupOracle.DynamicDBSourceTest&apos;, classes = &apos;{}&apos;, locations = &apos;{classpath*:/spring-context.xml}&apos;, inheritLocations = true, initializers = &apos;{}&apos;, inheritInitializers = true, name = [null], contextLoaderClass = &apos;org.springframework.test.context.ContextLoader&apos;].
2017-07-24 22:07:17,544 DEBUG [main] (ActiveProfilesUtils.java:78) - Could not find an &apos;annotation declaring class&apos; for annotation type [org.springframework.test.context.ActiveProfiles] and class [com.ztesoft.backupOracle.DynamicDBSourceTest]
2017-07-24 22:07:17,548  INFO [main] (AbstractTestContextBootstrapper.java:209) - Could not instantiate TestExecutionListener [org.springframework.test.context.web.ServletTestExecutionListener]. Specify custom listener classes or make the default listener classes (and their required dependencies) available. Offending class: [javax/servlet/ServletContext]
2017-07-24 22:07:17,557  INFO [main] (AbstractTestContextBootstrapper.java:187) - Using TestExecutionListeners: [org.springframework.test.context.support.DirtiesContextBeforeModesTestExecutionListener@38a663a4, org.springframework.test.context.support.DependencyInjectionTestExecutionListener@33d7c10a, org.springframework.test.context.support.DirtiesContextTestExecutionListener@19c2921d, org.springframework.test.context.transaction.TransactionalTestExecutionListener@3506bb21, org.springframework.test.context.jdbc.SqlScriptsTestExecutionListener@4ce78eb9]
2017-07-24 22:07:17,654 DEBUG [main] (AbstractDirtiesContextTestExecutionListener.java:141) - Before test class: context [DefaultTestContext@b8872d0 testClass = DynamicDBSourceTest, testInstance = [null], testMethod = [null], testException = [null], mergedContextConfiguration = [MergedContextConfiguration@2b29bb9a testClass = DynamicDBSourceTest, locations = &apos;{classpath*:/spring-context.xml}&apos;, classes = &apos;{}&apos;, contextInitializerClasses = &apos;[]&apos;, activeProfiles = &apos;{}&apos;, propertySourceLocations = &apos;{}&apos;, propertySourceProperties = &apos;{}&apos;, contextCustomizers = set[[empty]], contextLoader = &apos;org.springframework.test.context.support.DelegatingSmartContextLoader&apos;, parent = [null]]], class annotated with @DirtiesContext [false] with mode [null].
2017-07-24 22:07:17,655 DEBUG [main] (DependencyInjectionTestExecutionListener.java:81) - Performing dependency injection for test context [[DefaultTestContext@b8872d0 testClass = DynamicDBSourceTest, testInstance = com.ztesoft.backupOracle.DynamicDBSourceTest@55a2e547, testMethod = [null], testException = [null], mergedContextConfiguration = [MergedContextConfiguration@2b29bb9a testClass = DynamicDBSourceTest, locations = &apos;{classpath*:/spring-context.xml}&apos;, classes = &apos;{}&apos;, contextInitializerClasses = &apos;[]&apos;, activeProfiles = &apos;{}&apos;, propertySourceLocations = &apos;{}&apos;, propertySourceProperties = &apos;{}&apos;, contextCustomizers = set[[empty]], contextLoader = &apos;org.springframework.test.context.support.DelegatingSmartContextLoader&apos;, parent = [null]]]].
2017-07-24 22:07:17,656 DEBUG [main] (AbstractDelegatingSmartContextLoader.java:106) - Delegating to GenericXmlContextLoader to load context from [MergedContextConfiguration@2b29bb9a testClass = DynamicDBSourceTest, locations = &apos;{classpath*:/spring-context.xml}&apos;, classes = &apos;{}&apos;, contextInitializerClasses = &apos;[]&apos;, activeProfiles = &apos;{}&apos;, propertySourceLocations = &apos;{}&apos;, propertySourceProperties = &apos;{}&apos;, contextCustomizers = set[[empty]], contextLoader = &apos;org.springframework.test.context.support.DelegatingSmartContextLoader&apos;, parent = [null]].
2017-07-24 22:07:17,657 DEBUG [main] (AbstractGenericContextLoader.java:109) - Loading ApplicationContext for merged context configuration [[MergedContextConfiguration@2b29bb9a testClass = DynamicDBSourceTest, locations = &apos;{classpath*:/spring-context.xml}&apos;, classes = &apos;{}&apos;, contextInitializerClasses = &apos;[]&apos;, activeProfiles = &apos;{}&apos;, propertySourceLocations = &apos;{}&apos;, propertySourceProperties = &apos;{}&apos;, contextCustomizers = set[[empty]], contextLoader = &apos;org.springframework.test.context.support.DelegatingSmartContextLoader&apos;, parent = [null]]].
2017-07-24 22:07:17,722 DEBUG [main] (MutablePropertySources.java:109) - Adding [systemProperties] PropertySource with lowest search precedence
2017-07-24 22:07:17,726 DEBUG [main] (MutablePropertySources.java:109) - Adding [systemEnvironment] PropertySource with lowest search precedence
2017-07-24 22:07:17,727 DEBUG [main] (AbstractEnvironment.java:124) - Initialized StandardEnvironment with PropertySources [systemProperties,systemEnvironment]
2017-07-24 22:07:17,738 DEBUG [main] (PathMatchingResourcePatternResolver.java:318) - Resolved classpath location [/spring-context.xml] to resources [URL [file:/D:/workspace/workspace-sts/backupOracle/target/classes/spring-context.xml]]
2017-07-24 22:07:17,738  INFO [main] (XmlBeanDefinitionReader.java:317) - Loading XML bean definitions from URL [file:/D:/workspace/workspace-sts/backupOracle/target/classes/spring-context.xml]
2017-07-24 22:07:17,760 DEBUG [main] (DefaultDocumentLoader.java:73) - Using JAXP provider [com.sun.org.apache.xerces.internal.jaxp.DocumentBuilderFactoryImpl]
2017-07-24 22:07:17,793 DEBUG [main] (PluggableSchemaResolver.java:141) - Loading schema mappings from [META-INF/spring.schemas]
2017-07-24 22:07:17,799 DEBUG [main] (PluggableSchemaResolver.java:147) - Loaded schema mappings: {http://www.springframework.org/schema/tx/spring-tx-4.3.xsd=org/springframework/transaction/config/spring-tx-4.3.xsd, http://www.springframework.org/schema/tx/spring-tx-2.5.xsd=org/springframework/transaction/config/spring-tx-2.5.xsd, http://www.springframework.org/schema/cache/spring-cache-4.2.xsd=org/springframework/cache/config/spring-cache-4.2.xsd, http://www.springframework.org/schema/aop/spring-aop-4.1.xsd=org/springframework/aop/config/spring-aop-4.1.xsd, http://www.springframework.org/schema/context/spring-context-3.1.xsd=org/springframework/context/config/spring-context-3.1.xsd, http://www.springframework.org/schema/jdbc/spring-jdbc-4.1.xsd=org/springframework/jdbc/config/spring-jdbc-4.1.xsd, http://www.springframework.org/schema/mvc/spring-mvc-4.1.xsd=org/springframework/web/servlet/config/spring-mvc-4.1.xsd, http://www.springframework.org/schema/util/spring-util-3.0.xsd=org/springframework/beans/factory/xml/spring-util-3.0.xsd, http://www.springframework.org/schema/aop/spring-aop-3.2.xsd=org/springframework/aop/config/spring-aop-3.2.xsd, http://www.springframework.org/schema/tool/spring-tool.xsd=org/springframework/beans/factory/xml/spring-tool-4.3.xsd, http://www.springframework.org/schema/lang/spring-lang-4.1.xsd=org/springframework/scripting/config/spring-lang-4.1.xsd, http://www.springframework.org/schema/context/spring-context-4.0.xsd=org/springframework/context/config/spring-context-4.0.xsd, http://www.springframework.org/schema/mvc/spring-mvc-3.2.xsd=org/springframework/web/servlet/config/spring-mvc-3.2.xsd, http://www.springframework.org/schema/beans/spring-beans-4.2.xsd=org/springframework/beans/factory/xml/spring-beans-4.2.xsd, http://www.springframework.org/schema/tool/spring-tool-4.1.xsd=org/springframework/beans/factory/xml/spring-tool-4.1.xsd, http://www.springframework.org/schema/lang/spring-lang-3.2.xsd=org/springframework/scripting/config/spring-lang-3.2.xsd, http://www.springframework.org/schema/cache/spring-cache-3.2.xsd=org/springframework/cache/config/spring-cache-3.2.xsd, http://www.springframework.org/schema/jee/spring-jee-4.1.xsd=org/springframework/ejb/config/spring-jee-4.1.xsd, http://www.springframework.org/schema/jdbc/spring-jdbc-3.1.xsd=org/springframework/jdbc/config/spring-jdbc-3.1.xsd, http://www.springframework.org/schema/util/spring-util-2.0.xsd=org/springframework/beans/factory/xml/spring-util-2.0.xsd, http://www.springframework.org/schema/task/spring-task-4.2.xsd=org/springframework/scheduling/config/spring-task-4.2.xsd, http://www.springframework.org/schema/tool/spring-tool-3.2.xsd=org/springframework/beans/factory/xml/spring-tool-3.2.xsd, http://www.springframework.org/schema/context/spring-context.xsd=org/springframework/context/config/spring-context-4.3.xsd, http://www.springframework.org/schema/tx/spring-tx-4.2.xsd=org/springframework/transaction/config/spring-tx-4.2.xsd, http://www.springframework.org/schema/cache/spring-cache-4.1.xsd=org/springframework/cache/config/spring-cache-4.1.xsd, http://www.springframework.org/schema/aop/spring-aop-4.0.xsd=org/springframework/aop/config/spring-aop-4.0.xsd, http://www.springframework.org/schema/jee/spring-jee-3.2.xsd=org/springframework/ejb/config/spring-jee-3.2.xsd, http://www.springframework.org/schema/context/spring-context-3.0.xsd=org/springframework/context/config/spring-context-3.0.xsd, http://www.springframework.org/schema/jdbc/spring-jdbc-4.0.xsd=org/springframework/jdbc/config/spring-jdbc-4.0.xsd, http://www.springframework.org/schema/mvc/spring-mvc-4.0.xsd=org/springframework/web/servlet/config/spring-mvc-4.0.xsd, http://www.springframework.org/schema/util/spring-util-2.5.xsd=org/springframework/beans/factory/xml/spring-util-2.5.xsd, http://www.springframework.org/schema/util/spring-util-4.3.xsd=org/springframework/beans/factory/xml/spring-util-4.3.xsd, http://www.springframework.org/schema/beans/spring-beans-3.2.xsd=org/springframework/beans/factory/xml/spring-beans-3.2.xsd, http://www.springframework.org/schema/aop/spring-aop-3.1.xsd=org/springframework/aop/config/spring-aop-3.1.xsd, http://www.springframework.org/schema/lang/spring-lang-4.0.xsd=org/springframework/scripting/config/spring-lang-4.0.xsd, http://www.springframework.org/schema/mvc/spring-mvc.xsd=org/springframework/web/servlet/config/spring-mvc-4.3.xsd, http://www.springframework.org/schema/mvc/spring-mvc-3.1.xsd=org/springframework/web/servlet/config/spring-mvc-3.1.xsd, http://www.springframework.org/schema/beans/spring-beans-4.1.xsd=org/springframework/beans/factory/xml/spring-beans-4.1.xsd, http://www.springframework.org/schema/tool/spring-tool-4.0.xsd=org/springframework/beans/factory/xml/spring-tool-4.0.xsd, http://www.springframework.org/schema/tx/spring-tx-3.2.xsd=org/springframework/transaction/config/spring-tx-3.2.xsd, http://www.springframework.org/schema/lang/spring-lang-3.1.xsd=org/springframework/scripting/config/spring-lang-3.1.xsd, http://www.springframework.org/schema/cache/spring-cache-3.1.xsd=org/springframework/cache/config/spring-cache-3.1.xsd, http://www.springframework.org/schema/jee/spring-jee-4.0.xsd=org/springframework/ejb/config/spring-jee-4.0.xsd, http://www.springframework.org/schema/jdbc/spring-jdbc-3.0.xsd=org/springframework/jdbc/config/spring-jdbc-3.0.xsd, http://www.springframework.org/schema/task/spring-task-4.1.xsd=org/springframework/scheduling/config/spring-task-4.1.xsd, http://www.springframework.org/schema/jdbc/spring-jdbc.xsd=org/springframework/jdbc/config/spring-jdbc-4.3.xsd, http://www.springframework.org/schema/tool/spring-tool-3.1.xsd=org/springframework/beans/factory/xml/spring-tool-3.1.xsd, http://www.springframework.org/schema/tx/spring-tx-4.1.xsd=org/springframework/transaction/config/spring-tx-4.1.xsd, http://www.springframework.org/schema/cache/spring-cache-4.0.xsd=org/springframework/cache/config/spring-cache-4.0.xsd, http://www.springframework.org/schema/jee/spring-jee-3.1.xsd=org/springframework/ejb/config/spring-jee-3.1.xsd, http://www.springframework.org/schema/task/spring-task-3.2.xsd=org/springframework/scheduling/config/spring-task-3.2.xsd, http://www.springframework.org/schema/util/spring-util-4.2.xsd=org/springframework/beans/factory/xml/spring-util-4.2.xsd, http://www.springframework.org/schema/beans/spring-beans-3.1.xsd=org/springframework/beans/factory/xml/spring-beans-3.1.xsd, http://www.springframework.org/schema/util/spring-util.xsd=org/springframework/beans/factory/xml/spring-util-4.3.xsd, http://www.springframework.org/schema/aop/spring-aop-3.0.xsd=org/springframework/aop/config/spring-aop-3.0.xsd, http://www.springframework.org/schema/mvc/spring-mvc-3.0.xsd=org/springframework/web/servlet/config/spring-mvc-3.0.xsd, http://www.springframework.org/schema/beans/spring-beans-4.0.xsd=org/springframework/beans/factory/xml/spring-beans-4.0.xsd, http://www.springframework.org/schema/beans/spring-beans.xsd=org/springframework/beans/factory/xml/spring-beans-4.3.xsd, http://www.springframework.org/schema/tx/spring-tx-3.1.xsd=org/springframework/transaction/config/spring-tx-3.1.xsd, http://www.springframework.org/schema/lang/spring-lang-3.0.xsd=org/springframework/scripting/config/spring-lang-3.0.xsd, http://www.springframework.org/schema/context/spring-context-2.5.xsd=org/springframework/context/config/spring-context-2.5.xsd, http://www.springframework.org/schema/context/spring-context-4.3.xsd=org/springframework/context/config/spring-context-4.3.xsd, http://www.springframework.org/schema/task/spring-task-4.0.xsd=org/springframework/scheduling/config/spring-task-4.0.xsd, http://www.springframework.org/schema/tool/spring-tool-3.0.xsd=org/springframework/beans/factory/xml/spring-tool-3.0.xsd, http://www.springframework.org/schema/tx/spring-tx-4.0.xsd=org/springframework/transaction/config/spring-tx-4.0.xsd, http://www.springframework.org/schema/aop/spring-aop-2.0.xsd=org/springframework/aop/config/spring-aop-2.0.xsd, http://www.springframework.org/schema/jee/spring-jee-3.0.xsd=org/springframework/ejb/config/spring-jee-3.0.xsd, http://www.springframework.org/schema/util/spring-util-4.1.xsd=org/springframework/beans/factory/xml/spring-util-4.1.xsd, http://www.springframework.org/schema/task/spring-task-3.1.xsd=org/springframework/scheduling/config/spring-task-3.1.xsd, http://www.springframework.org/schema/beans/spring-beans-3.0.xsd=org/springframework/beans/factory/xml/spring-beans-3.0.xsd, http://www.springframework.org/schema/jee/spring-jee.xsd=org/springframework/ejb/config/spring-jee-4.3.xsd, http://www.springframework.org/schema/aop/spring-aop-4.3.xsd=org/springframework/aop/config/spring-aop-4.3.xsd, http://www.springframework.org/schema/aop/spring-aop-2.5.xsd=org/springframework/aop/config/spring-aop-2.5.xsd, http://www.springframework.org/schema/lang/spring-lang-2.0.xsd=org/springframework/scripting/config/spring-lang-2.0.xsd, http://www.springframework.org/schema/jdbc/spring-jdbc-4.3.xsd=org/springframework/jdbc/config/spring-jdbc-4.3.xsd, http://www.springframework.org/schema/mvc/spring-mvc-4.3.xsd=org/springframework/web/servlet/config/spring-mvc-4.3.xsd, http://www.springframework.org/schema/util/spring-util-3.2.xsd=org/springframework/beans/factory/xml/spring-util-3.2.xsd, http://www.springframework.org/schema/task/spring-task.xsd=org/springframework/scheduling/config/spring-task-4.3.xsd, http://www.springframework.org/schema/tool/spring-tool-2.0.xsd=org/springframework/beans/factory/xml/spring-tool-2.0.xsd, http://www.springframework.org/schema/tx/spring-tx-3.0.xsd=org/springframework/transaction/config/spring-tx-3.0.xsd, http://www.springframework.org/schema/lang/spring-lang-2.5.xsd=org/springframework/scripting/config/spring-lang-2.5.xsd, http://www.springframework.org/schema/lang/spring-lang-4.3.xsd=org/springframework/scripting/config/spring-lang-4.3.xsd, http://www.springframework.org/schema/context/spring-context-4.2.xsd=org/springframework/context/config/spring-context-4.2.xsd, http://www.springframework.org/schema/jee/spring-jee-2.0.xsd=org/springframework/ejb/config/spring-jee-2.0.xsd, http://www.springframework.org/schema/tool/spring-tool-4.3.xsd=org/springframework/beans/factory/xml/spring-tool-4.3.xsd, http://www.springframework.org/schema/tool/spring-tool-2.5.xsd=org/springframework/beans/factory/xml/spring-tool-2.5.xsd, http://www.springframework.org/schema/jee/spring-jee-4.3.xsd=org/springframework/ejb/config/spring-jee-4.3.xsd, http://www.springframework.org/schema/jee/spring-jee-2.5.xsd=org/springframework/ejb/config/spring-jee-2.5.xsd, http://www.springframework.org/schema/util/spring-util-4.0.xsd=org/springframework/beans/factory/xml/spring-util-4.0.xsd, http://www.springframework.org/schema/task/spring-task-3.0.xsd=org/springframework/scheduling/config/spring-task-3.0.xsd, http://www.springframework.org/schema/cache/spring-cache-4.3.xsd=org/springframework/cache/config/spring-cache-4.3.xsd, http://www.springframework.org/schema/aop/spring-aop-4.2.xsd=org/springframework/aop/config/spring-aop-4.2.xsd, http://www.springframework.org/schema/lang/spring-lang.xsd=org/springframework/scripting/config/spring-lang-4.3.xsd, http://www.springframework.org/schema/context/spring-context-3.2.xsd=org/springframework/context/config/spring-context-3.2.xsd, http://www.springframework.org/schema/jdbc/spring-jdbc-4.2.xsd=org/springframework/jdbc/config/spring-jdbc-4.2.xsd, http://www.springframework.org/schema/mvc/spring-mvc-4.2.xsd=org/springframework/web/servlet/config/spring-mvc-4.2.xsd, http://www.springframework.org/schema/util/spring-util-3.1.xsd=org/springframework/beans/factory/xml/spring-util-3.1.xsd, http://www.springframework.org/schema/beans/spring-beans-2.0.xsd=org/springframework/beans/factory/xml/spring-beans-2.0.xsd, http://www.springframework.org/schema/cache/spring-cache.xsd=org/springframework/cache/config/spring-cache-4.3.xsd, http://www.springframework.org/schema/tx/spring-tx.xsd=org/springframework/transaction/config/spring-tx-4.3.xsd, http://www.springframework.org/schema/lang/spring-lang-4.2.xsd=org/springframework/scripting/config/spring-lang-4.2.xsd, http://www.springframework.org/schema/context/spring-context-4.1.xsd=org/springframework/context/config/spring-context-4.1.xsd, http://www.springframework.org/schema/beans/spring-beans-2.5.xsd=org/springframework/beans/factory/xml/spring-beans-2.5.xsd, http://www.springframework.org/schema/beans/spring-beans-4.3.xsd=org/springframework/beans/factory/xml/spring-beans-4.3.xsd, http://www.springframework.org/schema/tool/spring-tool-4.2.xsd=org/springframework/beans/factory/xml/spring-tool-4.2.xsd, http://www.springframework.org/schema/tx/spring-tx-2.0.xsd=org/springframework/transaction/config/spring-tx-2.0.xsd, http://www.springframework.org/schema/jee/spring-jee-4.2.xsd=org/springframework/ejb/config/spring-jee-4.2.xsd, http://www.springframework.org/schema/jdbc/spring-jdbc-3.2.xsd=org/springframework/jdbc/config/spring-jdbc-3.2.xsd, http://www.springframework.org/schema/aop/spring-aop.xsd=org/springframework/aop/config/spring-aop-4.3.xsd, http://www.springframework.org/schema/task/spring-task-4.3.xsd=org/springframework/scheduling/config/spring-task-4.3.xsd}
2017-07-24 22:07:17,805 DEBUG [main] (PluggableSchemaResolver.java:119) - Found XML schema [http://www.springframework.org/schema/beans/spring-beans.xsd] in classpath: org/springframework/beans/factory/xml/spring-beans-4.3.xsd
2017-07-24 22:07:17,899 DEBUG [main] (PluggableSchemaResolver.java:119) - Found XML schema [http://www.springframework.org/schema/context/spring-context.xsd] in classpath: org/springframework/context/config/spring-context-4.3.xsd
2017-07-24 22:07:17,912 DEBUG [main] (PluggableSchemaResolver.java:119) - Found XML schema [http://www.springframework.org/schema/tool/spring-tool-4.3.xsd] in classpath: org/springframework/beans/factory/xml/spring-tool-4.3.xsd
2017-07-24 22:07:17,927 DEBUG [main] (PluggableSchemaResolver.java:119) - Found XML schema [http://www.springframework.org/schema/util/spring-util.xsd] in classpath: org/springframework/beans/factory/xml/spring-util-4.3.xsd
2017-07-24 22:07:17,938 DEBUG [main] (PluggableSchemaResolver.java:119) - Found XML schema [http://www.springframework.org/schema/aop/spring-aop.xsd] in classpath: org/springframework/aop/config/spring-aop-4.3.xsd
2017-07-24 22:07:17,965 DEBUG [main] (PluggableSchemaResolver.java:119) - Found XML schema [http://www.springframework.org/schema/tx/spring-tx.xsd] in classpath: org/springframework/transaction/config/spring-tx-4.3.xsd
2017-07-24 22:07:17,978 DEBUG [main] (DefaultBeanDefinitionDocumentReader.java:92) - Loading bean definitions
2017-07-24 22:07:17,994 DEBUG [main] (DefaultNamespaceHandlerResolver.java:157) - Loaded NamespaceHandler mappings: {http://www.springframework.org/schema/p=org.springframework.beans.factory.xml.SimplePropertyNamespaceHandler, http://www.springframework.org/schema/mvc=org.springframework.web.servlet.config.MvcNamespaceHandler, http://www.springframework.org/schema/util=org.springframework.beans.factory.xml.UtilNamespaceHandler, http://www.springframework.org/schema/jee=org.springframework.ejb.config.JeeNamespaceHandler, http://www.springframework.org/schema/aop=org.springframework.aop.config.AopNamespaceHandler, http://www.springframework.org/schema/jdbc=org.springframework.jdbc.config.JdbcNamespaceHandler, http://www.springframework.org/schema/cache=org.springframework.cache.config.CacheNamespaceHandler, http://www.springframework.org/schema/c=org.springframework.beans.factory.xml.SimpleConstructorNamespaceHandler, http://www.springframework.org/schema/tx=org.springframework.transaction.config.TxNamespaceHandler, http://www.springframework.org/schema/task=org.springframework.scheduling.config.TaskNamespaceHandler, http://www.springframework.org/schema/lang=org.springframework.scripting.config.LangNamespaceHandler, http://www.springframework.org/schema/context=org.springframework.context.config.ContextNamespaceHandler}
2017-07-24 22:07:18,022 DEBUG [main] (PathMatchingResourcePatternResolver.java:318) - Resolved classpath location [com/ztesoft/backupOracle/] to resources [URL [file:/D:/workspace/workspace-sts/backupOracle/target/test-classes/com/ztesoft/backupOracle/], URL [file:/D:/workspace/workspace-sts/backupOracle/target/classes/com/ztesoft/backupOracle/]]
2017-07-24 22:07:18,023 DEBUG [main] (PathMatchingResourcePatternResolver.java:713) - Looking for matching resources in directory tree [D:\workspace\workspace-sts\backupOracle\target\test-classes\com\ztesoft\backupOracle]
2017-07-24 22:07:18,023 DEBUG [main] (PathMatchingResourcePatternResolver.java:775) - Searching directory [D:\workspace\workspace-sts\backupOracle\target\test-classes\com\ztesoft\backupOracle] for files matching pattern [D:/workspace/workspace-sts/backupOracle/target/test-classes/com/ztesoft/backupOracle/**/*.class]
2017-07-24 22:07:18,027 DEBUG [main] (PathMatchingResourcePatternResolver.java:713) - Looking for matching resources in directory tree [D:\workspace\workspace-sts\backupOracle\target\classes\com\ztesoft\backupOracle]
2017-07-24 22:07:18,027 DEBUG [main] (PathMatchingResourcePatternResolver.java:775) - Searching directory [D:\workspace\workspace-sts\backupOracle\target\classes\com\ztesoft\backupOracle] for files matching pattern [D:/workspace/workspace-sts/backupOracle/target/classes/com/ztesoft/backupOracle/**/*.class]
2017-07-24 22:07:18,029 DEBUG [main] (PathMatchingResourcePatternResolver.java:775) - Searching directory [D:\workspace\workspace-sts\backupOracle\target\classes\com\ztesoft\backupOracle\dynamicDB] for files matching pattern [D:/workspace/workspace-sts/backupOracle/target/classes/com/ztesoft/backupOracle/**/*.class]
2017-07-24 22:07:18,030 DEBUG [main] (PathMatchingResourcePatternResolver.java:775) - Searching directory [D:\workspace\workspace-sts\backupOracle\target\classes\com\ztesoft\backupOracle\extractService] for files matching pattern [D:/workspace/workspace-sts/backupOracle/target/classes/com/ztesoft/backupOracle/**/*.class]
2017-07-24 22:07:18,031 DEBUG [main] (PathMatchingResourcePatternResolver.java:482) - Resolved location pattern [classpath*:com/ztesoft/backupOracle/**/*.class] to resources [file [D:\workspace\workspace-sts\backupOracle\target\test-classes\com\ztesoft\backupOracle\AppTest.class], file [D:\workspace\workspace-sts\backupOracle\target\test-classes\com\ztesoft\backupOracle\DynamicDBSourceTest$1.class], file [D:\workspace\workspace-sts\backupOracle\target\test-classes\com\ztesoft\backupOracle\DynamicDBSourceTest$2.class], file [D:\workspace\workspace-sts\backupOracle\target\test-classes\com\ztesoft\backupOracle\DynamicDBSourceTest.class], file [D:\workspace\workspace-sts\backupOracle\target\classes\com\ztesoft\backupOracle\App.class], file [D:\workspace\workspace-sts\backupOracle\target\classes\com\ztesoft\backupOracle\dynamicDB\DataSource.class], file [D:\workspace\workspace-sts\backupOracle\target\classes\com\ztesoft\backupOracle\dynamicDB\DBContextHolder.class], file [D:\workspace\workspace-sts\backupOracle\target\classes\com\ztesoft\backupOracle\dynamicDB\DynamicDataSource.class], file [D:\workspace\workspace-sts\backupOracle\target\classes\com\ztesoft\backupOracle\extractService\ExtractDataService.class]]
2017-07-24 22:07:18,065 DEBUG [main] (ClassPathScanningCandidateComponentProvider.java:294) - Identified candidate component class: file [D:\workspace\workspace-sts\backupOracle\target\classes\com\ztesoft\backupOracle\extractService\ExtractDataService.class]
2017-07-24 22:07:18,132 DEBUG [main] (AbstractBeanDefinitionReader.java:224) - Loaded 18 bean definitions from location pattern [classpath*:/spring-context.xml]
2017-07-24 22:07:18,135  INFO [main] (AbstractApplicationContext.java:583) - Refreshing org.springframework.context.support.GenericApplicationContext@6b660ff1: startup date [Mon Jul 24 22:07:18 BOT 2017]; root of context hierarchy
2017-07-24 22:07:18,136 DEBUG [main] (AbstractApplicationContext.java:617) - Bean factory for org.springframework.context.support.GenericApplicationContext@6b660ff1: org.springframework.beans.factory.support.DefaultListableBeanFactory@12d67620: defining beans [extractDataService,org.springframework.context.annotation.internalConfigurationAnnotationProcessor,org.springframework.context.annotation.internalAutowiredAnnotationProcessor,org.springframework.context.annotation.internalRequiredAnnotationProcessor,org.springframework.context.annotation.internalCommonAnnotationProcessor,org.springframework.context.event.internalEventListenerProcessor,org.springframework.context.event.internalEventListenerFactory,org.springframework.context.support.PropertySourcesPlaceholderConfigurer#0,dataSourcePR,dataSourceDR,dynamicDataSource,dynamicDatasourceMap,jdbcTemplate,transactionManager,org.springframework.aop.config.internalAutoProxyCreator,serviceMethod,org.springframework.aop.support.DefaultBeanFactoryPointcutAdvisor#0,txAdvice]; root of factory hierarchy
2017-07-24 22:07:18,205 DEBUG [main] (DefaultSingletonBeanRegistry.java:221) - Creating shared instance of singleton bean &apos;org.springframework.context.annotation.internalConfigurationAnnotationProcessor&apos;
2017-07-24 22:07:18,206 DEBUG [main] (AbstractAutowireCapableBeanFactory.java:449) - Creating instance of bean &apos;org.springframework.context.annotation.internalConfigurationAnnotationProcessor&apos;
2017-07-24 22:07:18,228 DEBUG [main] (AbstractAutowireCapableBeanFactory.java:539) - Eagerly caching bean &apos;org.springframework.context.annotation.internalConfigurationAnnotationProcessor&apos; to allow for resolving potential circular references
2017-07-24 22:07:18,230 DEBUG [main] (AbstractAutowireCapableBeanFactory.java:485) - Finished creating instance of bean &apos;org.springframework.context.annotation.internalConfigurationAnnotationProcessor&apos;
2017-07-24 22:07:18,282 DEBUG [main] (DefaultSingletonBeanRegistry.java:221) - Creating shared instance of singleton bean &apos;org.springframework.context.support.PropertySourcesPlaceholderConfigurer#0&apos;
2017-07-24 22:07:18,282 DEBUG [main] (AbstractAutowireCapableBeanFactory.java:449) - Creating instance of bean &apos;org.springframework.context.support.PropertySourcesPlaceholderConfigurer#0&apos;
2017-07-24 22:07:18,283 DEBUG [main] (AbstractAutowireCapableBeanFactory.java:539) - Eagerly caching bean &apos;org.springframework.context.support.PropertySourcesPlaceholderConfigurer#0&apos; to allow for resolving potential circular references
2017-07-24 22:07:18,318 DEBUG [main] (AbstractAutowireCapableBeanFactory.java:485) - Finished creating instance of bean &apos;org.springframework.context.support.PropertySourcesPlaceholderConfigurer#0&apos;
2017-07-24 22:07:18,319 DEBUG [main] (MutablePropertySources.java:109) - Adding [environmentProperties] PropertySource with lowest search precedence
2017-07-24 22:07:18,319 DEBUG [main] (PropertiesLoaderSupport.java:174) - Loading properties file from class path resource [jdbc.properties]
2017-07-24 22:07:18,320 DEBUG [main] (MutablePropertySources.java:109) - Adding [localProperties] PropertySource with lowest search precedence
2017-07-24 22:07:18,322 DEBUG [main] (PropertySourcesPropertyResolver.java:91) - Could not find key &apos;jdbc.driverClassNamePR&apos; in any property source
2017-07-24 22:07:18,323 DEBUG [main] (PropertySourcesPropertyResolver.java:151) - Found key &apos;jdbc.driverClassNamePR&apos; in [localProperties] with type [String]
2017-07-24 22:07:18,323 DEBUG [main] (PropertySourcesPropertyResolver.java:91) - Could not find key &apos;jdbc.passwordPR&apos; in any property source
2017-07-24 22:07:18,323 DEBUG [main] (PropertySourcesPropertyResolver.java:151) - Found key &apos;jdbc.passwordPR&apos; in [localProperties] with type [String]
2017-07-24 22:07:18,324 DEBUG [main] (PropertySourcesPropertyResolver.java:91) - Could not find key &apos;jdbc.urlPR&apos; in any property source
2017-07-24 22:07:18,324 DEBUG [main] (PropertySourcesPropertyResolver.java:151) - Found key &apos;jdbc.urlPR&apos; in [localProperties] with type [String]
2017-07-24 22:07:18,325 DEBUG [main] (PropertySourcesPropertyResolver.java:91) - Could not find key &apos;jdbc.usernamePR&apos; in any property source
2017-07-24 22:07:18,325 DEBUG [main] (PropertySourcesPropertyResolver.java:151) - Found key &apos;jdbc.usernamePR&apos; in [localProperties] with type [String]
2017-07-24 22:07:18,326 DEBUG [main] (PropertySourcesPropertyResolver.java:91) - Could not find key &apos;jdbc.driverClassNameDR&apos; in any property source
2017-07-24 22:07:18,327 DEBUG [main] (PropertySourcesPropertyResolver.java:151) - Found key &apos;jdbc.driverClassNameDR&apos; in [localProperties] with type [String]
2017-07-24 22:07:18,327 DEBUG [main] (PropertySourcesPropertyResolver.java:91) - Could not find key &apos;jdbc.passwordDR&apos; in any property source
2017-07-24 22:07:18,327 DEBUG [main] (PropertySourcesPropertyResolver.java:151) - Found key &apos;jdbc.passwordDR&apos; in [localProperties] with type [String]
2017-07-24 22:07:18,328 DEBUG [main] (PropertySourcesPropertyResolver.java:91) - Could not find key &apos;jdbc.urlDR&apos; in any property source
2017-07-24 22:07:18,328 DEBUG [main] (PropertySourcesPropertyResolver.java:151) - Found key &apos;jdbc.urlDR&apos; in [localProperties] with type [String]
2017-07-24 22:07:18,328 DEBUG [main] (PropertySourcesPropertyResolver.java:91) - Could not find key &apos;jdbc.usernameDR&apos; in any property source
2017-07-24 22:07:18,329 DEBUG [main] (PropertySourcesPropertyResolver.java:151) - Found key &apos;jdbc.usernameDR&apos; in [localProperties] with type [String]
2017-07-24 22:07:18,332 DEBUG [main] (DefaultSingletonBeanRegistry.java:221) - Creating shared instance of singleton bean &apos;org.springframework.context.annotation.internalAutowiredAnnotationProcessor&apos;
2017-07-24 22:07:18,332 DEBUG [main] (AbstractAutowireCapableBeanFactory.java:449) - Creating instance of bean &apos;org.springframework.context.annotation.internalAutowiredAnnotationProcessor&apos;
2017-07-24 22:07:18,333 DEBUG [main] (AbstractAutowireCapableBeanFactory.java:539) - Eagerly caching bean &apos;org.springframework.context.annotation.internalAutowiredAnnotationProcessor&apos; to allow for resolving potential circular references
2017-07-24 22:07:18,344 DEBUG [main] (AbstractAutowireCapableBeanFactory.java:485) - Finished creating instance of bean &apos;org.springframework.context.annotation.internalAutowiredAnnotationProcessor&apos;
2017-07-24 22:07:18,345 DEBUG [main] (DefaultSingletonBeanRegistry.java:221) - Creating shared instance of singleton bean &apos;org.springframework.context.annotation.internalRequiredAnnotationProcessor&apos;
2017-07-24 22:07:18,345 DEBUG [main] (AbstractAutowireCapableBeanFactory.java:449) - Creating instance of bean &apos;org.springframework.context.annotation.internalRequiredAnnotationProcessor&apos;
2017-07-24 22:07:18,346 DEBUG [main] (AbstractAutowireCapableBeanFactory.java:539) - Eagerly caching bean &apos;org.springframework.context.annotation.internalRequiredAnnotationProcessor&apos; to allow for resolving potential circular references
2017-07-24 22:07:18,355 DEBUG [main] (AbstractAutowireCapableBeanFactory.java:485) - Finished creating instance of bean &apos;org.springframework.context.annotation.internalRequiredAnnotationProcessor&apos;
2017-07-24 22:07:18,358 DEBUG [main] (DefaultSingletonBeanRegistry.java:221) - Creating shared instance of singleton bean &apos;org.springframework.context.annotation.internalCommonAnnotationProcessor&apos;
2017-07-24 22:07:18,358 DEBUG [main] (AbstractAutowireCapableBeanFactory.java:449) - Creating instance of bean &apos;org.springframework.context.annotation.internalCommonAnnotationProcessor&apos;
2017-07-24 22:07:18,365 DEBUG [main] (AbstractAutowireCapableBeanFactory.java:539) - Eagerly caching bean &apos;org.springframework.context.annotation.internalCommonAnnotationProcessor&apos; to allow for resolving potential circular references
2017-07-24 22:07:18,373 DEBUG [main] (AbstractAutowireCapableBeanFactory.java:485) - Finished creating instance of bean &apos;org.springframework.context.annotation.internalCommonAnnotationProcessor&apos;
2017-07-24 22:07:18,374 DEBUG [main] (DefaultSingletonBeanRegistry.java:221) - Creating shared instance of singleton bean &apos;org.springframework.aop.config.internalAutoProxyCreator&apos;
2017-07-24 22:07:18,374 DEBUG [main] (AbstractAutowireCapableBeanFactory.java:449) - Creating instance of bean &apos;org.springframework.aop.config.internalAutoProxyCreator&apos;
2017-07-24 22:07:18,386 DEBUG [main] (AbstractAutowireCapableBeanFactory.java:539) - Eagerly caching bean &apos;org.springframework.aop.config.internalAutoProxyCreator&apos; to allow for resolving potential circular references
2017-07-24 22:07:18,398 DEBUG [main] (AbstractAutowireCapableBeanFactory.java:485) - Finished creating instance of bean &apos;org.springframework.aop.config.internalAutoProxyCreator&apos;
2017-07-24 22:07:18,400 DEBUG [main] (AbstractApplicationContext.java:734) - Unable to locate MessageSource with name &apos;messageSource&apos;: using default [org.springframework.context.support.DelegatingMessageSource@288e26fe]
2017-07-24 22:07:18,403 DEBUG [main] (AbstractApplicationContext.java:758) - Unable to locate ApplicationEventMulticaster with name &apos;applicationEventMulticaster&apos;: using default [org.springframework.context.event.SimpleApplicationEventMulticaster@44a92eb7]
2017-07-24 22:07:18,405 DEBUG [main] (DefaultListableBeanFactory.java:730) - Pre-instantiating singletons in org.springframework.beans.factory.support.DefaultListableBeanFactory@12d67620: defining beans [extractDataService,org.springframework.context.annotation.internalConfigurationAnnotationProcessor,org.springframework.context.annotation.internalAutowiredAnnotationProcessor,org.springframework.context.annotation.internalRequiredAnnotationProcessor,org.springframework.context.annotation.internalCommonAnnotationProcessor,org.springframework.context.event.internalEventListenerProcessor,org.springframework.context.event.internalEventListenerFactory,org.springframework.context.support.PropertySourcesPlaceholderConfigurer#0,dataSourcePR,dataSourceDR,dynamicDataSource,dynamicDatasourceMap,jdbcTemplate,transactionManager,org.springframework.aop.config.internalAutoProxyCreator,serviceMethod,org.springframework.aop.support.DefaultBeanFactoryPointcutAdvisor#0,txAdvice]; root of factory hierarchy
2017-07-24 22:07:18,406 DEBUG [main] (DefaultSingletonBeanRegistry.java:221) - Creating shared instance of singleton bean &apos;extractDataService&apos;
2017-07-24 22:07:18,406 DEBUG [main] (AbstractAutowireCapableBeanFactory.java:449) - Creating instance of bean &apos;extractDataService&apos;
2017-07-24 22:07:18,407 DEBUG [main] (DefaultSingletonBeanRegistry.java:221) - Creating shared instance of singleton bean &apos;org.springframework.aop.support.DefaultBeanFactoryPointcutAdvisor#0&apos;
2017-07-24 22:07:18,407 DEBUG [main] (AbstractAutowireCapableBeanFactory.java:449) - Creating instance of bean &apos;org.springframework.aop.support.DefaultBeanFactoryPointcutAdvisor#0&apos;
2017-07-24 22:07:18,408 DEBUG [main] (AbstractAutowireCapableBeanFactory.java:539) - Eagerly caching bean &apos;org.springframework.aop.support.DefaultBeanFactoryPointcutAdvisor#0&apos; to allow for resolving potential circular references
2017-07-24 22:07:18,414 DEBUG [main] (AbstractAutowireCapableBeanFactory.java:449) - Creating instance of bean &apos;serviceMethod&apos;
2017-07-24 22:07:18,425 DEBUG [main] (AbstractAutowireCapableBeanFactory.java:485) - Finished creating instance of bean &apos;serviceMethod&apos;
2017-07-24 22:07:18,426 DEBUG [main] (AbstractAutowireCapableBeanFactory.java:485) - Finished creating instance of bean &apos;org.springframework.aop.support.DefaultBeanFactoryPointcutAdvisor#0&apos;
2017-07-24 22:07:18,429 DEBUG [main] (InjectionMetadata.java:72) - Registered injected element on class [com.ztesoft.backupOracle.extractService.ExtractDataService]: AutowiredMethodElement for public void com.ztesoft.backupOracle.extractService.ExtractDataService.setJdbcTemplate(org.springframework.jdbc.core.JdbcTemplate)
2017-07-24 22:07:18,430 DEBUG [main] (AbstractAutowireCapableBeanFactory.java:539) - Eagerly caching bean &apos;extractDataService&apos; to allow for resolving potential circular references
2017-07-24 22:07:18,430 DEBUG [main] (InjectionMetadata.java:86) - Processing injected element of bean &apos;extractDataService&apos;: AutowiredMethodElement for public void com.ztesoft.backupOracle.extractService.ExtractDataService.setJdbcTemplate(org.springframework.jdbc.core.JdbcTemplate)
2017-07-24 22:07:18,434 DEBUG [main] (AbstractBeanFactory.java:251) - Returning cached instance of singleton bean &apos;org.springframework.aop.support.DefaultBeanFactoryPointcutAdvisor#0&apos;
2017-07-24 22:07:18,436 DEBUG [main] (DefaultSingletonBeanRegistry.java:221) - Creating shared instance of singleton bean &apos;jdbcTemplate&apos;
2017-07-24 22:07:18,436 DEBUG [main] (AbstractAutowireCapableBeanFactory.java:449) - Creating instance of bean &apos;jdbcTemplate&apos;
2017-07-24 22:07:18,436 DEBUG [main] (AbstractBeanFactory.java:251) - Returning cached instance of singleton bean &apos;org.springframework.aop.support.DefaultBeanFactoryPointcutAdvisor#0&apos;
2017-07-24 22:07:18,447 DEBUG [main] (AbstractAutowireCapableBeanFactory.java:539) - Eagerly caching bean &apos;jdbcTemplate&apos; to allow for resolving potential circular references
2017-07-24 22:07:18,463 DEBUG [main] (DefaultSingletonBeanRegistry.java:221) - Creating shared instance of singleton bean &apos;dynamicDataSource&apos;
2017-07-24 22:07:18,464 DEBUG [main] (AbstractAutowireCapableBeanFactory.java:449) - Creating instance of bean &apos;dynamicDataSource&apos;
2017-07-24 22:07:18,464 DEBUG [main] (AbstractBeanFactory.java:251) - Returning cached instance of singleton bean &apos;org.springframework.aop.support.DefaultBeanFactoryPointcutAdvisor#0&apos;
2017-07-24 22:07:18,468 DEBUG [main] (AbstractAutowireCapableBeanFactory.java:539) - Eagerly caching bean &apos;dynamicDataSource&apos; to allow for resolving potential circular references
2017-07-24 22:07:18,475 DEBUG [main] (DefaultSingletonBeanRegistry.java:221) - Creating shared instance of singleton bean &apos;dynamicDatasourceMap&apos;
2017-07-24 22:07:18,475 DEBUG [main] (AbstractAutowireCapableBeanFactory.java:449) - Creating instance of bean &apos;dynamicDatasourceMap&apos;
2017-07-24 22:07:18,475 DEBUG [main] (AbstractBeanFactory.java:251) - Returning cached instance of singleton bean &apos;org.springframework.aop.support.DefaultBeanFactoryPointcutAdvisor#0&apos;
2017-07-24 22:07:18,477 DEBUG [main] (AbstractAutowireCapableBeanFactory.java:539) - Eagerly caching bean &apos;dynamicDatasourceMap&apos; to allow for resolving potential circular references
2017-07-24 22:07:18,487 DEBUG [main] (DefaultSingletonBeanRegistry.java:221) - Creating shared instance of singleton bean &apos;dataSourcePR&apos;
2017-07-24 22:07:18,487 DEBUG [main] (AbstractAutowireCapableBeanFactory.java:449) - Creating instance of bean &apos;dataSourcePR&apos;
2017-07-24 22:07:18,488 DEBUG [main] (AbstractBeanFactory.java:251) - Returning cached instance of singleton bean &apos;org.springframework.aop.support.DefaultBeanFactoryPointcutAdvisor#0&apos;
2017-07-24 22:07:18,587 DEBUG [main] (AbstractAutowireCapableBeanFactory.java:539) - Eagerly caching bean &apos;dataSourcePR&apos; to allow for resolving potential circular references
2017-07-24 22:07:18,595 DEBUG [main] (AbstractBeanFactory.java:251) - Returning cached instance of singleton bean &apos;org.springframework.aop.support.DefaultBeanFactoryPointcutAdvisor#0&apos;
2017-07-24 22:07:18,595 DEBUG [main] (AbstractBeanFactory.java:251) - Returning cached instance of singleton bean &apos;org.springframework.aop.support.DefaultBeanFactoryPointcutAdvisor#0&apos;
2017-07-24 22:07:18,776 DEBUG [main] (AbstractAutowireCapableBeanFactory.java:485) - Finished creating instance of bean &apos;dataSourcePR&apos;
2017-07-24 22:07:18,776 DEBUG [main] (DefaultSingletonBeanRegistry.java:221) - Creating shared instance of singleton bean &apos;dataSourceDR&apos;
2017-07-24 22:07:18,777 DEBUG [main] (AbstractAutowireCapableBeanFactory.java:449) - Creating instance of bean &apos;dataSourceDR&apos;
2017-07-24 22:07:18,777 DEBUG [main] (AbstractBeanFactory.java:251) - Returning cached instance of singleton bean &apos;org.springframework.aop.support.DefaultBeanFactoryPointcutAdvisor#0&apos;
2017-07-24 22:07:18,778 DEBUG [main] (AbstractAutowireCapableBeanFactory.java:539) - Eagerly caching bean &apos;dataSourceDR&apos; to allow for resolving potential circular references
2017-07-24 22:07:18,779 DEBUG [main] (AbstractBeanFactory.java:251) - Returning cached instance of singleton bean &apos;org.springframework.aop.support.DefaultBeanFactoryPointcutAdvisor#0&apos;
2017-07-24 22:07:18,779 DEBUG [main] (AbstractBeanFactory.java:251) - Returning cached instance of singleton bean &apos;org.springframework.aop.support.DefaultBeanFactoryPointcutAdvisor#0&apos;
2017-07-24 22:07:18,782 DEBUG [main] (AbstractAutowireCapableBeanFactory.java:485) - Finished creating instance of bean &apos;dataSourceDR&apos;
2017-07-24 22:07:18,789 DEBUG [main] (AbstractAutowireCapableBeanFactory.java:1670) - Invoking afterPropertiesSet() on bean with name &apos;dynamicDatasourceMap&apos;
2017-07-24 22:07:18,791 DEBUG [main] (AbstractBeanFactory.java:251) - Returning cached instance of singleton bean &apos;org.springframework.aop.support.DefaultBeanFactoryPointcutAdvisor#0&apos;
2017-07-24 22:07:18,791 DEBUG [main] (AbstractBeanFactory.java:251) - Returning cached instance of singleton bean &apos;org.springframework.aop.support.DefaultBeanFactoryPointcutAdvisor#0&apos;
2017-07-24 22:07:18,802 DEBUG [main] (AbstractAutowireCapableBeanFactory.java:485) - Finished creating instance of bean &apos;dynamicDatasourceMap&apos;
2017-07-24 22:07:18,803 DEBUG [main] (AbstractBeanFactory.java:251) - Returning cached instance of singleton bean &apos;org.springframework.aop.support.DefaultBeanFactoryPointcutAdvisor#0&apos;
2017-07-24 22:07:18,804 DEBUG [main] (AbstractBeanFactory.java:251) - Returning cached instance of singleton bean &apos;org.springframework.aop.support.DefaultBeanFactoryPointcutAdvisor#0&apos;
2017-07-24 22:07:18,825 DEBUG [main] (AbstractBeanFactory.java:251) - Returning cached instance of singleton bean &apos;dataSourcePR&apos;
2017-07-24 22:07:18,825 DEBUG [main] (AbstractAutowireCapableBeanFactory.java:1670) - Invoking afterPropertiesSet() on bean with name &apos;dynamicDataSource&apos;
2017-07-24 22:07:18,826 DEBUG [main] (AbstractBeanFactory.java:251) - Returning cached instance of singleton bean &apos;org.springframework.aop.support.DefaultBeanFactoryPointcutAdvisor#0&apos;
2017-07-24 22:07:18,826 DEBUG [main] (AbstractBeanFactory.java:251) - Returning cached instance of singleton bean &apos;org.springframework.aop.support.DefaultBeanFactoryPointcutAdvisor#0&apos;
2017-07-24 22:07:18,892 DEBUG [main] (AbstractAutowireCapableBeanFactory.java:485) - Finished creating instance of bean &apos;dynamicDataSource&apos;
2017-07-24 22:07:18,893 DEBUG [main] (AbstractAutowireCapableBeanFactory.java:1670) - Invoking afterPropertiesSet() on bean with name &apos;jdbcTemplate&apos;
2017-07-24 22:07:18,893 DEBUG [main] (AbstractBeanFactory.java:251) - Returning cached instance of singleton bean &apos;org.springframework.aop.support.DefaultBeanFactoryPointcutAdvisor#0&apos;
2017-07-24 22:07:18,893 DEBUG [main] (AbstractBeanFactory.java:251) - Returning cached instance of singleton bean &apos;org.springframework.aop.support.DefaultBeanFactoryPointcutAdvisor#0&apos;
2017-07-24 22:07:19,019 DEBUG [main] (AbstractAutowireCapableBeanFactory.java:485) - Finished creating instance of bean &apos;jdbcTemplate&apos;
2017-07-24 22:07:19,020 DEBUG [main] (AutowiredAnnotationBeanPostProcessor.java:535) - Autowiring by type from bean name &apos;extractDataService&apos; to bean named &apos;jdbcTemplate&apos;
2017-07-24 22:07:19,021 DEBUG [main] (AbstractBeanFactory.java:251) - Returning cached instance of singleton bean &apos;org.springframework.aop.support.DefaultBeanFactoryPointcutAdvisor#0&apos;
2017-07-24 22:07:19,022 DEBUG [main] (AbstractBeanFactory.java:251) - Returning cached instance of singleton bean &apos;org.springframework.aop.support.DefaultBeanFactoryPointcutAdvisor#0&apos;
2017-07-24 22:07:19,026 DEBUG [main] (AbstractAutowireCapableBeanFactory.java:485) - Finished creating instance of bean &apos;extractDataService&apos;
2017-07-24 22:07:19,027 DEBUG [main] (AbstractBeanFactory.java:251) - Returning cached instance of singleton bean &apos;org.springframework.context.annotation.internalConfigurationAnnotationProcessor&apos;
2017-07-24 22:07:19,027 DEBUG [main] (AbstractBeanFactory.java:251) - Returning cached instance of singleton bean &apos;org.springframework.context.annotation.internalAutowiredAnnotationProcessor&apos;
2017-07-24 22:07:19,027 DEBUG [main] (AbstractBeanFactory.java:251) - Returning cached instance of singleton bean &apos;org.springframework.context.annotation.internalRequiredAnnotationProcessor&apos;
2017-07-24 22:07:19,027 DEBUG [main] (AbstractBeanFactory.java:251) - Returning cached instance of singleton bean &apos;org.springframework.context.annotation.internalCommonAnnotationProcessor&apos;
2017-07-24 22:07:19,029 DEBUG [main] (DefaultSingletonBeanRegistry.java:221) - Creating shared instance of singleton bean &apos;org.springframework.context.event.internalEventListenerProcessor&apos;
2017-07-24 22:07:19,030 DEBUG [main] (AbstractAutowireCapableBeanFactory.java:449) - Creating instance of bean &apos;org.springframework.context.event.internalEventListenerProcessor&apos;
2017-07-24 22:07:19,030 DEBUG [main] (AbstractBeanFactory.java:251) - Returning cached instance of singleton bean &apos;org.springframework.aop.support.DefaultBeanFactoryPointcutAdvisor#0&apos;
2017-07-24 22:07:19,032 DEBUG [main] (AbstractAutowireCapableBeanFactory.java:539) - Eagerly caching bean &apos;org.springframework.context.event.internalEventListenerProcessor&apos; to allow for resolving potential circular references
2017-07-24 22:07:19,035 DEBUG [main] (AbstractBeanFactory.java:251) - Returning cached instance of singleton bean &apos;org.springframework.aop.support.DefaultBeanFactoryPointcutAdvisor#0&apos;
2017-07-24 22:07:19,036 DEBUG [main] (AbstractBeanFactory.java:251) - Returning cached instance of singleton bean &apos;org.springframework.aop.support.DefaultBeanFactoryPointcutAdvisor#0&apos;
2017-07-24 22:07:19,038 DEBUG [main] (AbstractAutowireCapableBeanFactory.java:485) - Finished creating instance of bean &apos;org.springframework.context.event.internalEventListenerProcessor&apos;
2017-07-24 22:07:19,038 DEBUG [main] (DefaultSingletonBeanRegistry.java:221) - Creating shared instance of singleton bean &apos;org.springframework.context.event.internalEventListenerFactory&apos;
2017-07-24 22:07:19,038 DEBUG [main] (AbstractAutowireCapableBeanFactory.java:449) - Creating instance of bean &apos;org.springframework.context.event.internalEventListenerFactory&apos;
2017-07-24 22:07:19,039 DEBUG [main] (AbstractBeanFactory.java:251) - Returning cached instance of singleton bean &apos;org.springframework.aop.support.DefaultBeanFactoryPointcutAdvisor#0&apos;
2017-07-24 22:07:19,039 DEBUG [main] (AbstractAutowireCapableBeanFactory.java:539) - Eagerly caching bean &apos;org.springframework.context.event.internalEventListenerFactory&apos; to allow for resolving potential circular references
2017-07-24 22:07:19,045 DEBUG [main] (AbstractBeanFactory.java:251) - Returning cached instance of singleton bean &apos;org.springframework.aop.support.DefaultBeanFactoryPointcutAdvisor#0&apos;
2017-07-24 22:07:19,045 DEBUG [main] (AbstractBeanFactory.java:251) - Returning cached instance of singleton bean &apos;org.springframework.aop.support.DefaultBeanFactoryPointcutAdvisor#0&apos;
2017-07-24 22:07:19,049 DEBUG [main] (AbstractAutowireCapableBeanFactory.java:485) - Finished creating instance of bean &apos;org.springframework.context.event.internalEventListenerFactory&apos;
2017-07-24 22:07:19,049 DEBUG [main] (AbstractBeanFactory.java:251) - Returning cached instance of singleton bean &apos;org.springframework.context.support.PropertySourcesPlaceholderConfigurer#0&apos;
2017-07-24 22:07:19,050 DEBUG [main] (AbstractBeanFactory.java:251) - Returning cached instance of singleton bean &apos;dataSourcePR&apos;
2017-07-24 22:07:19,050 DEBUG [main] (AbstractBeanFactory.java:251) - Returning cached instance of singleton bean &apos;dataSourceDR&apos;
2017-07-24 22:07:19,050 DEBUG [main] (AbstractBeanFactory.java:251) - Returning cached instance of singleton bean &apos;dynamicDataSource&apos;
2017-07-24 22:07:19,051 DEBUG [main] (AbstractBeanFactory.java:251) - Returning cached instance of singleton bean &apos;dynamicDatasourceMap&apos;
2017-07-24 22:07:19,052 DEBUG [main] (AbstractBeanFactory.java:251) - Returning cached instance of singleton bean &apos;jdbcTemplate&apos;
2017-07-24 22:07:19,052 DEBUG [main] (DefaultSingletonBeanRegistry.java:221) - Creating shared instance of singleton bean &apos;transactionManager&apos;
2017-07-24 22:07:19,053 DEBUG [main] (AbstractAutowireCapableBeanFactory.java:449) - Creating instance of bean &apos;transactionManager&apos;
2017-07-24 22:07:19,053 DEBUG [main] (AbstractBeanFactory.java:251) - Returning cached instance of singleton bean &apos;org.springframework.aop.support.DefaultBeanFactoryPointcutAdvisor#0&apos;
2017-07-24 22:07:19,062 DEBUG [main] (AbstractAutowireCapableBeanFactory.java:539) - Eagerly caching bean &apos;transactionManager&apos; to allow for resolving potential circular references
2017-07-24 22:07:19,070 DEBUG [main] (AbstractBeanFactory.java:251) - Returning cached instance of singleton bean &apos;dynamicDataSource&apos;
2017-07-24 22:07:19,071 DEBUG [main] (AbstractAutowireCapableBeanFactory.java:1670) - Invoking afterPropertiesSet() on bean with name &apos;transactionManager&apos;
2017-07-24 22:07:19,072 DEBUG [main] (AbstractBeanFactory.java:251) - Returning cached instance of singleton bean &apos;org.springframework.aop.support.DefaultBeanFactoryPointcutAdvisor#0&apos;
2017-07-24 22:07:19,072 DEBUG [main] (AbstractBeanFactory.java:251) - Returning cached instance of singleton bean &apos;org.springframework.aop.support.DefaultBeanFactoryPointcutAdvisor#0&apos;
2017-07-24 22:07:19,093 DEBUG [main] (AbstractAutowireCapableBeanFactory.java:485) - Finished creating instance of bean &apos;transactionManager&apos;
2017-07-24 22:07:19,093 DEBUG [main] (AbstractBeanFactory.java:251) - Returning cached instance of singleton bean &apos;org.springframework.aop.config.internalAutoProxyCreator&apos;
2017-07-24 22:07:19,094 DEBUG [main] (AbstractBeanFactory.java:251) - Returning cached instance of singleton bean &apos;org.springframework.aop.support.DefaultBeanFactoryPointcutAdvisor#0&apos;
2017-07-24 22:07:19,094 DEBUG [main] (DefaultSingletonBeanRegistry.java:221) - Creating shared instance of singleton bean &apos;txAdvice&apos;
2017-07-24 22:07:19,095 DEBUG [main] (AbstractAutowireCapableBeanFactory.java:449) - Creating instance of bean &apos;txAdvice&apos;
2017-07-24 22:07:19,102 DEBUG [main] (AbstractAutowireCapableBeanFactory.java:539) - Eagerly caching bean &apos;txAdvice&apos; to allow for resolving potential circular references
2017-07-24 22:07:19,114 DEBUG [main] (AbstractBeanFactory.java:251) - Returning cached instance of singleton bean &apos;transactionManager&apos;
2017-07-24 22:07:19,115 DEBUG [main] (AbstractAutowireCapableBeanFactory.java:449) - Creating instance of bean &apos;(inner bean)#71d6f7a2&apos;
2017-07-24 22:07:19,116 DEBUG [main] (AbstractBeanFactory.java:251) - Returning cached instance of singleton bean &apos;org.springframework.aop.support.DefaultBeanFactoryPointcutAdvisor#0&apos;
2017-07-24 22:07:19,123 DEBUG [main] (NameMatchTransactionAttributeSource.java:96) - Adding transactional method [*] with attribute [PROPAGATION_REQUIRED,ISOLATION_DEFAULT]
2017-07-24 22:07:19,124 DEBUG [main] (AbstractBeanFactory.java:251) - Returning cached instance of singleton bean &apos;org.springframework.aop.support.DefaultBeanFactoryPointcutAdvisor#0&apos;
2017-07-24 22:07:19,124 DEBUG [main] (AbstractBeanFactory.java:251) - Returning cached instance of singleton bean &apos;org.springframework.aop.support.DefaultBeanFactoryPointcutAdvisor#0&apos;
2017-07-24 22:07:19,127 DEBUG [main] (AbstractAutowireCapableBeanFactory.java:485) - Finished creating instance of bean &apos;(inner bean)#71d6f7a2&apos;
2017-07-24 22:07:19,128 DEBUG [main] (AbstractAutowireCapableBeanFactory.java:1670) - Invoking afterPropertiesSet() on bean with name &apos;txAdvice&apos;
2017-07-24 22:07:19,128 DEBUG [main] (AbstractAutowireCapableBeanFactory.java:485) - Finished creating instance of bean &apos;txAdvice&apos;
2017-07-24 22:07:19,129 DEBUG [main] (AbstractBeanFactory.java:251) - Returning cached instance of singleton bean &apos;org.springframework.context.event.internalEventListenerFactory&apos;
2017-07-24 22:07:19,172 DEBUG [main] (AbstractApplicationContext.java:785) - Unable to locate LifecycleProcessor with name &apos;lifecycleProcessor&apos;: using default [org.springframework.context.support.DefaultLifecycleProcessor@727e8a11]
2017-07-24 22:07:19,174 DEBUG [main] (AbstractBeanFactory.java:251) - Returning cached instance of singleton bean &apos;lifecycleProcessor&apos;
2017-07-24 22:07:19,178 DEBUG [main] (PropertySourcesPropertyResolver.java:91) - Could not find key &apos;spring.liveBeansView.mbeanDomain&apos; in any property source
2017-07-24 22:07:19,181 DEBUG [main] (DefaultCacheAwareContextLoaderDelegate.java:118) - Storing ApplicationContext in cache under key [[MergedContextConfiguration@2b29bb9a testClass = DynamicDBSourceTest, locations = &apos;{classpath*:/spring-context.xml}&apos;, classes = &apos;{}&apos;, contextInitializerClasses = &apos;[]&apos;, activeProfiles = &apos;{}&apos;, propertySourceLocations = &apos;{}&apos;, propertySourceProperties = &apos;{}&apos;, contextCustomizers = set[[empty]], contextLoader = &apos;org.springframework.test.context.support.DelegatingSmartContextLoader&apos;, parent = [null]]]
2017-07-24 22:07:19,182 DEBUG [main] (DefaultContextCache.java:290) - Spring test ApplicationContext cache statistics: [DefaultContextCache@58d77a85 size = 1, maxSize = 32, parentContextCount = 0, hitCount = 0, missCount = 1]
2017-07-24 22:07:19,215 DEBUG [main] (InjectionMetadata.java:86) - Processing injected element of bean &apos;com.ztesoft.backupOracle.DynamicDBSourceTest&apos;: AutowiredMethodElement for public void org.springframework.test.context.testng.AbstractTransactionalTestNGSpringContextTests.setDataSource(javax.sql.DataSource)
2017-07-24 22:07:19,216 DEBUG [main] (AbstractBeanFactory.java:251) - Returning cached instance of singleton bean &apos;dataSourcePR&apos;
2017-07-24 22:07:19,217 DEBUG [main] (AbstractBeanFactory.java:251) - Returning cached instance of singleton bean &apos;dataSourceDR&apos;
2017-07-24 22:07:19,218 DEBUG [main] (AbstractBeanFactory.java:251) - Returning cached instance of singleton bean &apos;dynamicDataSource&apos;
2017-07-24 22:07:19,223 ERROR [main] (TestContextManager.java:234) - Caught exception while allowing TestExecutionListener [org.springframework.test.context.support.DependencyInjectionTestExecutionListener@33d7c10a] to prepare test instance [com.ztesoft.backupOracle.DynamicDBSourceTest@55a2e547]
org.springframework.beans.factory.UnsatisfiedDependencyException: Error creating bean with name &apos;com.ztesoft.backupOracle.DynamicDBSourceTest&apos;: Unsatisfied dependency expressed through method &apos;setDataSource&apos; parameter 0; nested exception is org.springframework.beans.factory.NoUniqueBeanDefinitionException: No qualifying bean of type &apos;javax.sql.DataSource&apos; available: expected single matching bean but found 3: dataSourcePR,dataSourceDR,dynamicDataSource
	at org.springframework.beans.factory.annotation.AutowiredAnnotationBeanPostProcessor$AutowiredMethodElement.inject(AutowiredAnnotationBeanPostProcessor.java:667)
	at org.springframework.beans.factory.annotation.InjectionMetadata.inject(InjectionMetadata.java:88)
	at org.springframework.beans.factory.annotation.AutowiredAnnotationBeanPostProcessor.postProcessPropertyValues(AutowiredAnnotationBeanPostProcessor.java:366)
	at org.springframework.beans.factory.support.AbstractAutowireCapableBeanFactory.populateBean(AbstractAutowireCapableBeanFactory.java:1264)
	at org.springframework.beans.factory.support.AbstractAutowireCapableBeanFactory.autowireBeanProperties(AbstractAutowireCapableBeanFactory.java:386)
	at org.springframework.test.context.support.DependencyInjectionTestExecutionListener.injectDependencies(DependencyInjectionTestExecutionListener.java:118)
	at org.springframework.test.context.support.DependencyInjectionTestExecutionListener.prepareTestInstance(DependencyInjectionTestExecutionListener.java:83)
	at org.springframework.test.context.TestContextManager.prepareTestInstance(TestContextManager.java:230)
	at org.springframework.test.context.testng.AbstractTestNGSpringContextTests.springTestContextPrepareTestInstance(AbstractTestNGSpringContextTests.java:149)
	at sun.reflect.NativeMethodAccessorImpl.invoke0(Native Method)
	at sun.reflect.NativeMethodAccessorImpl.invoke(NativeMethodAccessorImpl.java:57)
	at sun.reflect.DelegatingMethodAccessorImpl.invoke(DelegatingMethodAccessorImpl.java:43)
	at java.lang.reflect.Method.invoke(Method.java:606)
	at org.testng.internal.MethodInvocationHelper.invokeMethod(MethodInvocationHelper.java:84)
	at org.testng.internal.Invoker.invokeConfigurationMethod(Invoker.java:564)
	at org.testng.internal.Invoker.invokeConfigurations(Invoker.java:213)
	at org.testng.internal.Invoker.invokeConfigurations(Invoker.java:138)
	at org.testng.internal.TestMethodWorker.invokeBeforeClassMethods(TestMethodWorker.java:175)
	at org.testng.internal.TestMethodWorker.run(TestMethodWorker.java:107)
	at org.testng.TestRunner.privateRun(TestRunner.java:767)
	at org.testng.TestRunner.run(TestRunner.java:617)
	at org.testng.SuiteRunner.runTest(SuiteRunner.java:334)
	at org.testng.SuiteRunner.runSequentially(SuiteRunner.java:329)
	at org.testng.SuiteRunner.privateRun(SuiteRunner.java:291)
	at org.testng.SuiteRunner.run(SuiteRunner.java:240)
	at org.testng.SuiteRunnerWorker.runSuite(SuiteRunnerWorker.java:52)
	at org.testng.SuiteRunnerWorker.run(SuiteRunnerWorker.java:86)
	at org.testng.TestNG.runSuitesSequentially(TestNG.java:1224)
	at org.testng.TestNG.runSuitesLocally(TestNG.java:1149)
	at org.testng.TestNG.run(TestNG.java:1057)
	at org.apache.maven.surefire.testng.TestNGExecutor.run(TestNGExecutor.java:77)
	at org.apache.maven.surefire.testng.TestNGDirectoryTestSuite.executeMulti(TestNGDirectoryTestSuite.java:159)
	at org.apache.maven.surefire.testng.TestNGDirectoryTestSuite.execute(TestNGDirectoryTestSuite.java:99)
	at org.apache.maven.surefire.testng.TestNGProvider.invoke(TestNGProvider.java:106)
	at sun.reflect.NativeMethodAccessorImpl.invoke0(Native Method)
	at sun.reflect.NativeMethodAccessorImpl.invoke(NativeMethodAccessorImpl.java:57)
	at sun.reflect.DelegatingMethodAccessorImpl.invoke(DelegatingMethodAccessorImpl.java:43)
	at java.lang.reflect.Method.invoke(Method.java:606)
	at org.apache.maven.surefire.util.ReflectionUtils.invokeMethodWithArray(ReflectionUtils.java:189)
	at org.apache.maven.surefire.booter.ProviderFactory$ProviderProxy.invoke(ProviderFactory.java:165)
	at org.apache.maven.surefire.booter.ProviderFactory.invokeProvider(ProviderFactory.java:85)
	at org.apache.maven.surefire.booter.ForkedBooter.runSuitesInProcess(ForkedBooter.java:115)
	at org.apache.maven.surefire.booter.ForkedBooter.main(ForkedBooter.java:75)
Caused by: org.springframework.beans.factory.NoUniqueBeanDefinitionException: No qualifying bean of type &apos;javax.sql.DataSource&apos; available: expected single matching bean but found 3: dataSourcePR,dataSourceDR,dynamicDataSource
	at org.springframework.beans.factory.config.DependencyDescriptor.resolveNotUnique(DependencyDescriptor.java:173)
	at org.springframework.beans.factory.support.DefaultListableBeanFactory.doResolveDependency(DefaultListableBeanFactory.java:1116)
	at org.springframework.beans.factory.support.DefaultListableBeanFactory.resolveDependency(DefaultListableBeanFactory.java:1066)
	at org.springframework.beans.factory.annotation.AutowiredAnnotationBeanPostProcessor$AutowiredMethodElement.inject(AutowiredAnnotationBeanPostProcessor.java:659)
	... 42 more
</system-out>
  </testcase>
  <testcase time="2.206" classname="com.ztesoft.backupOracle.DynamicDBSourceTest" name="springTestContextBeforeTestMethod">
    <skipped/>
  </testcase>
  <testcase time="0" classname="com.ztesoft.backupOracle.DynamicDBSourceTest" name="selectDataFromDR">
    <skipped/>
  </testcase>
  <testcase time="0.001" classname="com.ztesoft.backupOracle.DynamicDBSourceTest" name="selectDataFromPR">
    <skipped/>
    <system-out>2017-07-24 22:07:19,243 DEBUG [main] (AbstractDirtiesContextTestExecutionListener.java:106) - After test method: context [DefaultTestContext@b8872d0 testClass = DynamicDBSourceTest, testInstance = com.ztesoft.backupOracle.DynamicDBSourceTest@55a2e547, testMethod = selectDataFromDR@DynamicDBSourceTest, testException = [null], mergedContextConfiguration = [MergedContextConfiguration@2b29bb9a testClass = DynamicDBSourceTest, locations = &apos;{classpath*:/spring-context.xml}&apos;, classes = &apos;{}&apos;, contextInitializerClasses = &apos;[]&apos;, activeProfiles = &apos;{}&apos;, propertySourceLocations = &apos;{}&apos;, propertySourceProperties = &apos;{}&apos;, contextCustomizers = set[[empty]], contextLoader = &apos;org.springframework.test.context.support.DelegatingSmartContextLoader&apos;, parent = [null]]], class annotated with @DirtiesContext [false] with mode [null], method annotated with @DirtiesContext [false] with mode [null].
</system-out>
  </testcase>
  <testcase time="0.001" classname="com.ztesoft.backupOracle.AppTest" name="testApp on testApp(com.ztesoft.backupOracle.AppTest)"/>
</testsuite>